<?xml version="1.0" encoding="UTF-8"?>
<testsuite xmlns:xsi="http://www.w3.org/2001/XMLSchema-instance" xsi:noNamespaceSchemaLocation="https://maven.apache.org/surefire/maven-surefire-plugin/xsd/surefire-test-report.xsd" name="com.project.staragile.insureme.InsureMeApplicationTests" time="0.801" tests="0" errors="0" skipped="0" failures="0">
  <properties>
    <property name="java.specification.version" value="17"/>
    <property name="sun.cpu.isalist" value="amd64"/>
    <property name="sun.jnu.encoding" value="Cp1252"/>
    <property name="java.class.path" value="C:\Users\MPL\eclipse-workspace\insurance-project\target\test-classes;C:\Users\MPL\eclipse-workspace\insurance-project\target\classes;C:\Users\MPL\.m2\repository\org\springframework\boot\spring-boot-starter-data-jpa\2.7.4\spring-boot-starter-data-jpa-2.7.4.jar;C:\Users\MPL\.m2\repository\org\springframework\boot\spring-boot-starter-aop\2.7.4\spring-boot-starter-aop-2.7.4.jar;C:\Users\MPL\.m2\repository\org\springframework\spring-aop\5.3.23\spring-aop-5.3.23.jar;C:\Users\MPL\.m2\repository\org\aspectj\aspectjweaver\1.9.7\aspectjweaver-1.9.7.jar;C:\Users\MPL\.m2\repository\org\springframework\boot\spring-boot-starter-jdbc\2.7.4\spring-boot-starter-jdbc-2.7.4.jar;C:\Users\MPL\.m2\repository\com\zaxxer\HikariCP\4.0.3\HikariCP-4.0.3.jar;C:\Users\MPL\.m2\repository\org\springframework\spring-jdbc\5.3.23\spring-jdbc-5.3.23.jar;C:\Users\MPL\.m2\repository\jakarta\transaction\jakarta.transaction-api\1.3.3\jakarta.transaction-api-1.3.3.jar;C:\Users\MPL\.m2\repository\jakarta\persistence\jakarta.persistence-api\2.2.3\jakarta.persistence-api-2.2.3.jar;C:\Users\MPL\.m2\repository\org\hibernate\hibernate-core\5.6.11.Final\hibernate-core-5.6.11.Final.jar;C:\Users\MPL\.m2\repository\org\jboss\logging\jboss-logging\3.4.3.Final\jboss-logging-3.4.3.Final.jar;C:\Users\MPL\.m2\repository\net\bytebuddy\byte-buddy\1.12.17\byte-buddy-1.12.17.jar;C:\Users\MPL\.m2\repository\antlr\antlr\2.7.7\antlr-2.7.7.jar;C:\Users\MPL\.m2\repository\org\jboss\jandex\2.4.2.Final\jandex-2.4.2.Final.jar;C:\Users\MPL\.m2\repository\com\fasterxml\classmate\1.5.1\classmate-1.5.1.jar;C:\Users\MPL\.m2\repository\org\hibernate\common\hibernate-commons-annotations\5.1.2.Final\hibernate-commons-annotations-5.1.2.Final.jar;C:\Users\MPL\.m2\repository\org\glassfish\jaxb\jaxb-runtime\2.3.6\jaxb-runtime-2.3.6.jar;C:\Users\MPL\.m2\repository\org\glassfish\jaxb\txw2\2.3.6\txw2-2.3.6.jar;C:\Users\MPL\.m2\repository\com\sun\istack\istack-commons-runtime\3.0.12\istack-commons-runtime-3.0.12.jar;C:\Users\MPL\.m2\repository\com\sun\activation\jakarta.activation\1.2.2\jakarta.activation-1.2.2.jar;C:\Users\MPL\.m2\repository\org\springframework\data\spring-data-jpa\2.7.3\spring-data-jpa-2.7.3.jar;C:\Users\MPL\.m2\repository\org\springframework\data\spring-data-commons\2.7.3\spring-data-commons-2.7.3.jar;C:\Users\MPL\.m2\repository\org\springframework\spring-orm\5.3.23\spring-orm-5.3.23.jar;C:\Users\MPL\.m2\repository\org\springframework\spring-context\5.3.23\spring-context-5.3.23.jar;C:\Users\MPL\.m2\repository\org\springframework\spring-tx\5.3.23\spring-tx-5.3.23.jar;C:\Users\MPL\.m2\repository\org\springframework\spring-beans\5.3.23\spring-beans-5.3.23.jar;C:\Users\MPL\.m2\repository\org\springframework\spring-aspects\5.3.23\spring-aspects-5.3.23.jar;C:\Users\MPL\.m2\repository\org\springframework\boot\spring-boot-starter-web\2.7.4\spring-boot-starter-web-2.7.4.jar;C:\Users\MPL\.m2\repository\org\springframework\boot\spring-boot-starter\2.7.4\spring-boot-starter-2.7.4.jar;C:\Users\MPL\.m2\repository\org\springframework\boot\spring-boot\2.7.4\spring-boot-2.7.4.jar;C:\Users\MPL\.m2\repository\org\springframework\boot\spring-boot-autoconfigure\2.7.4\spring-boot-autoconfigure-2.7.4.jar;C:\Users\MPL\.m2\repository\org\springframework\boot\spring-boot-starter-logging\2.7.4\spring-boot-starter-logging-2.7.4.jar;C:\Users\MPL\.m2\repository\ch\qos\logback\logback-classic\1.2.11\logback-classic-1.2.11.jar;C:\Users\MPL\.m2\repository\ch\qos\logback\logback-core\1.2.11\logback-core-1.2.11.jar;C:\Users\MPL\.m2\repository\org\apache\logging\log4j\log4j-to-slf4j\2.17.2\log4j-to-slf4j-2.17.2.jar;C:\Users\MPL\.m2\repository\org\apache\logging\log4j\log4j-api\2.17.2\log4j-api-2.17.2.jar;C:\Users\MPL\.m2\repository\org\slf4j\jul-to-slf4j\1.7.36\jul-to-slf4j-1.7.36.jar;C:\Users\MPL\.m2\repository\jakarta\annotation\jakarta.annotation-api\1.3.5\jakarta.annotation-api-1.3.5.jar;C:\Users\MPL\.m2\repository\org\yaml\snakeyaml\1.30\snakeyaml-1.30.jar;C:\Users\MPL\.m2\repository\org\springframework\boot\spring-boot-starter-json\2.7.4\spring-boot-starter-json-2.7.4.jar;C:\Users\MPL\.m2\repository\com\fasterxml\jackson\core\jackson-databind\2.13.4\jackson-databind-2.13.4.jar;C:\Users\MPL\.m2\repository\com\fasterxml\jackson\core\jackson-annotations\2.13.4\jackson-annotations-2.13.4.jar;C:\Users\MPL\.m2\repository\com\fasterxml\jackson\core\jackson-core\2.13.4\jackson-core-2.13.4.jar;C:\Users\MPL\.m2\repository\com\fasterxml\jackson\datatype\jackson-datatype-jdk8\2.13.4\jackson-datatype-jdk8-2.13.4.jar;C:\Users\MPL\.m2\repository\com\fasterxml\jackson\datatype\jackson-datatype-jsr310\2.13.4\jackson-datatype-jsr310-2.13.4.jar;C:\Users\MPL\.m2\repository\com\fasterxml\jackson\module\jackson-module-parameter-names\2.13.4\jackson-module-parameter-names-2.13.4.jar;C:\Users\MPL\.m2\repository\org\springframework\boot\spring-boot-starter-tomcat\2.7.4\spring-boot-starter-tomcat-2.7.4.jar;C:\Users\MPL\.m2\repository\org\apache\tomcat\embed\tomcat-embed-core\9.0.65\tomcat-embed-core-9.0.65.jar;C:\Users\MPL\.m2\repository\org\apache\tomcat\embed\tomcat-embed-el\9.0.65\tomcat-embed-el-9.0.65.jar;C:\Users\MPL\.m2\repository\org\apache\tomcat\embed\tomcat-embed-websocket\9.0.65\tomcat-embed-websocket-9.0.65.jar;C:\Users\MPL\.m2\repository\org\springframework\spring-web\5.3.23\spring-web-5.3.23.jar;C:\Users\MPL\.m2\repository\org\springframework\spring-webmvc\5.3.23\spring-webmvc-5.3.23.jar;C:\Users\MPL\.m2\repository\org\springframework\spring-expression\5.3.23\spring-expression-5.3.23.jar;C:\Users\MPL\.m2\repository\org\apache\maven\plugins\maven-compiler-plugin\3.11.0\maven-compiler-plugin-3.11.0.jar;C:\Users\MPL\.m2\repository\org\apache\maven\shared\maven-shared-utils\3.3.4\maven-shared-utils-3.3.4.jar;C:\Users\MPL\.m2\repository\commons-io\commons-io\2.6\commons-io-2.6.jar;C:\Users\MPL\.m2\repository\org\apache\maven\shared\maven-shared-incremental\1.1\maven-shared-incremental-1.1.jar;C:\Users\MPL\.m2\repository\org\codehaus\plexus\plexus-component-annotations\1.5.5\plexus-component-annotations-1.5.5.jar;C:\Users\MPL\.m2\repository\org\codehaus\plexus\plexus-java\1.1.2\plexus-java-1.1.2.jar;C:\Users\MPL\.m2\repository\org\ow2\asm\asm\9.4\asm-9.4.jar;C:\Users\MPL\.m2\repository\com\thoughtworks\qdox\qdox\2.0.3\qdox-2.0.3.jar;C:\Users\MPL\.m2\repository\org\codehaus\plexus\plexus-compiler-api\2.13.0\plexus-compiler-api-2.13.0.jar;C:\Users\MPL\.m2\repository\org\codehaus\plexus\plexus-utils\3.4.2\plexus-utils-3.4.2.jar;C:\Users\MPL\.m2\repository\org\codehaus\plexus\plexus-compiler-manager\2.13.0\plexus-compiler-manager-2.13.0.jar;C:\Users\MPL\.m2\repository\org\codehaus\plexus\plexus-compiler-javac\2.13.0\plexus-compiler-javac-2.13.0.jar;C:\Users\MPL\.m2\repository\com\h2database\h2\2.1.214\h2-2.1.214.jar;C:\Users\MPL\.m2\repository\org\springframework\boot\spring-boot-starter-test\2.7.4\spring-boot-starter-test-2.7.4.jar;C:\Users\MPL\.m2\repository\org\springframework\boot\spring-boot-test\2.7.4\spring-boot-test-2.7.4.jar;C:\Users\MPL\.m2\repository\org\springframework\boot\spring-boot-test-autoconfigure\2.7.4\spring-boot-test-autoconfigure-2.7.4.jar;C:\Users\MPL\.m2\repository\com\jayway\jsonpath\json-path\2.7.0\json-path-2.7.0.jar;C:\Users\MPL\.m2\repository\net\minidev\json-smart\2.4.8\json-smart-2.4.8.jar;C:\Users\MPL\.m2\repository\net\minidev\accessors-smart\2.4.8\accessors-smart-2.4.8.jar;C:\Users\MPL\.m2\repository\jakarta\xml\bind\jakarta.xml.bind-api\2.3.3\jakarta.xml.bind-api-2.3.3.jar;C:\Users\MPL\.m2\repository\jakarta\activation\jakarta.activation-api\1.2.2\jakarta.activation-api-1.2.2.jar;C:\Users\MPL\.m2\repository\org\assertj\assertj-core\3.22.0\assertj-core-3.22.0.jar;C:\Users\MPL\.m2\repository\org\hamcrest\hamcrest\2.2\hamcrest-2.2.jar;C:\Users\MPL\.m2\repository\org\junit\jupiter\junit-jupiter\5.8.2\junit-jupiter-5.8.2.jar;C:\Users\MPL\.m2\repository\org\junit\jupiter\junit-jupiter-api\5.8.2\junit-jupiter-api-5.8.2.jar;C:\Users\MPL\.m2\repository\org\opentest4j\opentest4j\1.2.0\opentest4j-1.2.0.jar;C:\Users\MPL\.m2\repository\org\junit\platform\junit-platform-commons\1.8.2\junit-platform-commons-1.8.2.jar;C:\Users\MPL\.m2\repository\org\apiguardian\apiguardian-api\1.1.2\apiguardian-api-1.1.2.jar;C:\Users\MPL\.m2\repository\org\junit\jupiter\junit-jupiter-params\5.8.2\junit-jupiter-params-5.8.2.jar;C:\Users\MPL\.m2\repository\org\junit\jupiter\junit-jupiter-engine\5.8.2\junit-jupiter-engine-5.8.2.jar;C:\Users\MPL\.m2\repository\org\junit\platform\junit-platform-engine\1.8.2\junit-platform-engine-1.8.2.jar;C:\Users\MPL\.m2\repository\org\mockito\mockito-core\4.5.1\mockito-core-4.5.1.jar;C:\Users\MPL\.m2\repository\net\bytebuddy\byte-buddy-agent\1.12.17\byte-buddy-agent-1.12.17.jar;C:\Users\MPL\.m2\repository\org\objenesis\objenesis\3.2\objenesis-3.2.jar;C:\Users\MPL\.m2\repository\org\mockito\mockito-junit-jupiter\4.5.1\mockito-junit-jupiter-4.5.1.jar;C:\Users\MPL\.m2\repository\org\skyscreamer\jsonassert\1.5.1\jsonassert-1.5.1.jar;C:\Users\MPL\.m2\repository\com\vaadin\external\google\android-json\0.0.20131108.vaadin1\android-json-0.0.20131108.vaadin1.jar;C:\Users\MPL\.m2\repository\org\springframework\spring-core\5.3.23\spring-core-5.3.23.jar;C:\Users\MPL\.m2\repository\org\springframework\spring-jcl\5.3.23\spring-jcl-5.3.23.jar;C:\Users\MPL\.m2\repository\org\springframework\spring-test\5.3.23\spring-test-5.3.23.jar;C:\Users\MPL\.m2\repository\org\xmlunit\xmlunit-core\2.9.0\xmlunit-core-2.9.0.jar;C:\Users\MPL\.m2\repository\org\seleniumhq\selenium\selenium-java\4.10.0\selenium-java-4.10.0.jar;C:\Users\MPL\.m2\repository\org\seleniumhq\selenium\selenium-api\4.1.4\selenium-api-4.1.4.jar;C:\Users\MPL\.m2\repository\org\seleniumhq\selenium\selenium-chrome-driver\4.1.4\selenium-chrome-driver-4.1.4.jar;C:\Users\MPL\.m2\repository\com\google\auto\service\auto-service-annotations\1.0.1\auto-service-annotations-1.0.1.jar;C:\Users\MPL\.m2\repository\com\google\auto\service\auto-service\1.0.1\auto-service-1.0.1.jar;C:\Users\MPL\.m2\repository\com\google\auto\auto-common\1.2\auto-common-1.2.jar;C:\Users\MPL\.m2\repository\com\google\guava\guava\31.1-jre\guava-31.1-jre.jar;C:\Users\MPL\.m2\repository\com\google\guava\failureaccess\1.0.1\failureaccess-1.0.1.jar;C:\Users\MPL\.m2\repository\com\google\guava\listenablefuture\9999.0-empty-to-avoid-conflict-with-guava\listenablefuture-9999.0-empty-to-avoid-conflict-with-guava.jar;C:\Users\MPL\.m2\repository\com\google\code\findbugs\jsr305\3.0.2\jsr305-3.0.2.jar;C:\Users\MPL\.m2\repository\org\checkerframework\checker-qual\3.12.0\checker-qual-3.12.0.jar;C:\Users\MPL\.m2\repository\com\google\errorprone\error_prone_annotations\2.11.0\error_prone_annotations-2.11.0.jar;C:\Users\MPL\.m2\repository\com\google\j2objc\j2objc-annotations\1.3\j2objc-annotations-1.3.jar;C:\Users\MPL\.m2\repository\org\seleniumhq\selenium\selenium-chromium-driver\4.1.4\selenium-chromium-driver-4.1.4.jar;C:\Users\MPL\.m2\repository\org\seleniumhq\selenium\selenium-json\4.1.4\selenium-json-4.1.4.jar;C:\Users\MPL\.m2\repository\org\seleniumhq\selenium\selenium-devtools-v112\4.10.0\selenium-devtools-v112-4.10.0.jar;C:\Users\MPL\.m2\repository\org\seleniumhq\selenium\selenium-devtools-v113\4.10.0\selenium-devtools-v113-4.10.0.jar;C:\Users\MPL\.m2\repository\org\seleniumhq\selenium\selenium-devtools-v114\4.10.0\selenium-devtools-v114-4.10.0.jar;C:\Users\MPL\.m2\repository\org\seleniumhq\selenium\selenium-devtools-v85\4.10.0\selenium-devtools-v85-4.10.0.jar;C:\Users\MPL\.m2\repository\org\seleniumhq\selenium\selenium-edge-driver\4.1.4\selenium-edge-driver-4.1.4.jar;C:\Users\MPL\.m2\repository\org\seleniumhq\selenium\selenium-firefox-driver\4.1.4\selenium-firefox-driver-4.1.4.jar;C:\Users\MPL\.m2\repository\org\seleniumhq\selenium\selenium-ie-driver\4.1.4\selenium-ie-driver-4.1.4.jar;C:\Users\MPL\.m2\repository\org\seleniumhq\selenium\selenium-remote-driver\4.1.4\selenium-remote-driver-4.1.4.jar;C:\Users\MPL\.m2\repository\io\netty\netty-buffer\4.1.82.Final\netty-buffer-4.1.82.Final.jar;C:\Users\MPL\.m2\repository\io\netty\netty-codec-http\4.1.82.Final\netty-codec-http-4.1.82.Final.jar;C:\Users\MPL\.m2\repository\io\netty\netty-codec\4.1.82.Final\netty-codec-4.1.82.Final.jar;C:\Users\MPL\.m2\repository\io\netty\netty-handler\4.1.82.Final\netty-handler-4.1.82.Final.jar;C:\Users\MPL\.m2\repository\io\netty\netty-common\4.1.82.Final\netty-common-4.1.82.Final.jar;C:\Users\MPL\.m2\repository\io\netty\netty-transport-classes-epoll\4.1.82.Final\netty-transport-classes-epoll-4.1.82.Final.jar;C:\Users\MPL\.m2\repository\io\netty\netty-transport-classes-kqueue\4.1.82.Final\netty-transport-classes-kqueue-4.1.82.Final.jar;C:\Users\MPL\.m2\repository\io\netty\netty-transport-native-epoll\4.1.82.Final\netty-transport-native-epoll-4.1.82.Final.jar;C:\Users\MPL\.m2\repository\io\netty\netty-transport-native-kqueue\4.1.82.Final\netty-transport-native-kqueue-4.1.82.Final.jar;C:\Users\MPL\.m2\repository\io\netty\netty-transport-native-unix-common\4.1.82.Final\netty-transport-native-unix-common-4.1.82.Final.jar;C:\Users\MPL\.m2\repository\io\netty\netty-transport\4.1.82.Final\netty-transport-4.1.82.Final.jar;C:\Users\MPL\.m2\repository\io\netty\netty-resolver\4.1.82.Final\netty-resolver-4.1.82.Final.jar;C:\Users\MPL\.m2\repository\io\opentelemetry\opentelemetry-api\1.13.0\opentelemetry-api-1.13.0.jar;C:\Users\MPL\.m2\repository\io\opentelemetry\opentelemetry-context\1.13.0\opentelemetry-context-1.13.0.jar;C:\Users\MPL\.m2\repository\io\opentelemetry\opentelemetry-exporter-logging\1.13.0\opentelemetry-exporter-logging-1.13.0.jar;C:\Users\MPL\.m2\repository\io\opentelemetry\opentelemetry-sdk-metrics\1.13.0-alpha\opentelemetry-sdk-metrics-1.13.0-alpha.jar;C:\Users\MPL\.m2\repository\io\opentelemetry\opentelemetry-sdk-logs\1.13.0-alpha\opentelemetry-sdk-logs-1.13.0-alpha.jar;C:\Users\MPL\.m2\repository\io\opentelemetry\opentelemetry-sdk-common\1.13.0\opentelemetry-sdk-common-1.13.0.jar;C:\Users\MPL\.m2\repository\io\opentelemetry\opentelemetry-sdk-extension-autoconfigure-spi\1.13.0\opentelemetry-sdk-extension-autoconfigure-spi-1.13.0.jar;C:\Users\MPL\.m2\repository\io\opentelemetry\opentelemetry-sdk-extension-autoconfigure\1.13.0-alpha\opentelemetry-sdk-extension-autoconfigure-1.13.0-alpha.jar;C:\Users\MPL\.m2\repository\io\opentelemetry\opentelemetry-sdk-trace\1.13.0\opentelemetry-sdk-trace-1.13.0.jar;C:\Users\MPL\.m2\repository\io\opentelemetry\opentelemetry-sdk\1.13.0\opentelemetry-sdk-1.13.0.jar;C:\Users\MPL\.m2\repository\io\opentelemetry\opentelemetry-semconv\1.13.0-alpha\opentelemetry-semconv-1.13.0-alpha.jar;C:\Users\MPL\.m2\repository\io\ous\jtoml\2.0.0\jtoml-2.0.0.jar;C:\Users\MPL\.m2\repository\org\apache\commons\commons-exec\1.3\commons-exec-1.3.jar;C:\Users\MPL\.m2\repository\org\asynchttpclient\async-http-client\2.12.3\async-http-client-2.12.3.jar;C:\Users\MPL\.m2\repository\org\asynchttpclient\async-http-client-netty-utils\2.12.3\async-http-client-netty-utils-2.12.3.jar;C:\Users\MPL\.m2\repository\io\netty\netty-codec-socks\4.1.82.Final\netty-codec-socks-4.1.82.Final.jar;C:\Users\MPL\.m2\repository\io\netty\netty-handler-proxy\4.1.82.Final\netty-handler-proxy-4.1.82.Final.jar;C:\Users\MPL\.m2\repository\io\netty\netty-transport-native-epoll\4.1.82.Final\netty-transport-native-epoll-4.1.82.Final-linux-x86_64.jar;C:\Users\MPL\.m2\repository\io\netty\netty-transport-native-kqueue\4.1.82.Final\netty-transport-native-kqueue-4.1.82.Final-osx-x86_64.jar;C:\Users\MPL\.m2\repository\org\reactivestreams\reactive-streams\1.0.4\reactive-streams-1.0.4.jar;C:\Users\MPL\.m2\repository\com\typesafe\netty\netty-reactive-streams\2.0.4\netty-reactive-streams-2.0.4.jar;C:\Users\MPL\.m2\repository\org\seleniumhq\selenium\selenium-http\4.1.4\selenium-http-4.1.4.jar;C:\Users\MPL\.m2\repository\dev\failsafe\failsafe\3.2.3\failsafe-3.2.3.jar;C:\Users\MPL\.m2\repository\org\seleniumhq\selenium\selenium-safari-driver\4.1.4\selenium-safari-driver-4.1.4.jar;C:\Users\MPL\.m2\repository\org\seleniumhq\selenium\selenium-support\4.1.4\selenium-support-4.1.4.jar;C:\Users\MPL\.m2\repository\org\testng\testng\7.8.0\testng-7.8.0.jar;C:\Users\MPL\.m2\repository\org\slf4j\slf4j-api\1.7.36\slf4j-api-1.7.36.jar;C:\Users\MPL\.m2\repository\com\beust\jcommander\1.82\jcommander-1.82.jar;C:\Users\MPL\.m2\repository\org\webjars\jquery\3.6.1\jquery-3.6.1.jar;C:\Users\MPL\.m2\repository\junit\junit\4.13.2\junit-4.13.2.jar;C:\Users\MPL\.m2\repository\org\hamcrest\hamcrest-core\2.2\hamcrest-core-2.2.jar;C:\Users\MPL\.m2\repository\org\apache\maven\plugins\maven-surefire-plugin\3.1.2\maven-surefire-plugin-3.1.2.jar;C:\Users\MPL\.m2\repository\org\apache\maven\surefire\maven-surefire-common\3.1.2\maven-surefire-common-3.1.2.jar;C:\Users\MPL\.m2\repository\org\apache\maven\surefire\surefire-api\3.1.2\surefire-api-3.1.2.jar;C:\Users\MPL\.m2\repository\org\apache\maven\surefire\surefire-logger-api\3.1.2\surefire-logger-api-3.1.2.jar;C:\Users\MPL\.m2\repository\org\apache\maven\surefire\surefire-extensions-api\3.1.2\surefire-extensions-api-3.1.2.jar;C:\Users\MPL\.m2\repository\org\apache\maven\surefire\surefire-booter\3.1.2\surefire-booter-3.1.2.jar;C:\Users\MPL\.m2\repository\org\apache\maven\surefire\surefire-extensions-spi\3.1.2\surefire-extensions-spi-3.1.2.jar;C:\Users\MPL\.m2\repository\org\eclipse\aether\aether-util\1.0.0.v20140518\aether-util-1.0.0.v20140518.jar;C:\Users\MPL\.m2\repository\org\eclipse\aether\aether-api\1.0.0.v20140518\aether-api-1.0.0.v20140518.jar;C:\Users\MPL\.m2\repository\org\apache\maven\shared\maven-common-artifact-filters\3.1.1\maven-common-artifact-filters-3.1.1.jar;C:\Users\MPL\.m2\repository\org\apache\maven\maven-artifact\3.1.0\maven-artifact-3.1.0.jar;C:\Users\MPL\.m2\repository\org\apache\maven\maven-core\3.1.0\maven-core-3.1.0.jar;C:\Users\MPL\.m2\repository\org\apache\maven\maven-settings\3.1.0\maven-settings-3.1.0.jar;C:\Users\MPL\.m2\repository\org\apache\maven\maven-settings-builder\3.1.0\maven-settings-builder-3.1.0.jar;C:\Users\MPL\.m2\repository\org\apache\maven\maven-repository-metadata\3.1.0\maven-repository-metadata-3.1.0.jar;C:\Users\MPL\.m2\repository\org\apache\maven\maven-model-builder\3.1.0\maven-model-builder-3.1.0.jar;C:\Users\MPL\.m2\repository\org\apache\maven\maven-aether-provider\3.1.0\maven-aether-provider-3.1.0.jar;C:\Users\MPL\.m2\repository\org\eclipse\aether\aether-spi\0.9.0.M2\aether-spi-0.9.0.M2.jar;C:\Users\MPL\.m2\repository\org\eclipse\aether\aether-impl\0.9.0.M2\aether-impl-0.9.0.M2.jar;C:\Users\MPL\.m2\repository\org\eclipse\sisu\org.eclipse.sisu.plexus\0.0.0.M2a\org.eclipse.sisu.plexus-0.0.0.M2a.jar;C:\Users\MPL\.m2\repository\javax\enterprise\cdi-api\1.0\cdi-api-1.0.jar;C:\Users\MPL\.m2\repository\javax\annotation\jsr250-api\1.0\jsr250-api-1.0.jar;C:\Users\MPL\.m2\repository\javax\inject\javax.inject\1\javax.inject-1.jar;C:\Users\MPL\.m2\repository\org\sonatype\sisu\sisu-guice\3.1.0\sisu-guice-3.1.0-no_aop.jar;C:\Users\MPL\.m2\repository\aopalliance\aopalliance\1.0\aopalliance-1.0.jar;C:\Users\MPL\.m2\repository\org\eclipse\sisu\org.eclipse.sisu.inject\0.0.0.M2a\org.eclipse.sisu.inject-0.0.0.M2a.jar;C:\Users\MPL\.m2\repository\asm\asm\3.3.1\asm-3.3.1.jar;C:\Users\MPL\.m2\repository\org\codehaus\plexus\plexus-interpolation\1.16\plexus-interpolation-1.16.jar;C:\Users\MPL\.m2\repository\org\codehaus\plexus\plexus-classworlds\2.4.2\plexus-classworlds-2.4.2.jar;C:\Users\MPL\.m2\repository\org\sonatype\plexus\plexus-sec-dispatcher\1.3\plexus-sec-dispatcher-1.3.jar;C:\Users\MPL\.m2\repository\org\sonatype\plexus\plexus-cipher\1.4\plexus-cipher-1.4.jar;C:\Users\MPL\.m2\repository\org\apache\maven\maven-plugin-api\3.1.0\maven-plugin-api-3.1.0.jar;C:\Users\MPL\.m2\repository\org\apache\maven\surefire\surefire-shared-utils\3.1.2\surefire-shared-utils-3.1.2.jar;"/>
    <property name="java.vm.vendor" value="Oracle Corporation"/>
    <property name="sun.arch.data.model" value="64"/>
    <property name="user.variant" value=""/>
    <property name="java.vendor.url" value="https://java.oracle.com/"/>
    <property name="user.timezone" value="Asia/Calcutta"/>
    <property name="os.name" value="Windows 10"/>
    <property name="java.vm.specification.version" value="17"/>
    <property name="sun.java.launcher" value="SUN_STANDARD"/>
    <property name="user.country" value="IN"/>
    <property name="sun.boot.library.path" value="C:\Program Files\Java\jdk-17\bin"/>
    <property name="sun.java.command" value="C:\Users\MPL\AppData\Local\Temp\surefire9440377011571693733\surefirebooter6733424680388454591.jar C:\Users\MPL\AppData\Local\Temp\surefire9440377011571693733 2023-07-11T09-02-39_901-jvmRun1 surefire3251034077895775020tmp surefire_0425829868268946552tmp"/>
    <property name="jdk.debug" value="release"/>
    <property name="surefire.test.class.path" value="C:\Users\MPL\eclipse-workspace\insurance-project\target\test-classes;C:\Users\MPL\eclipse-workspace\insurance-project\target\classes;C:\Users\MPL\.m2\repository\org\springframework\boot\spring-boot-starter-data-jpa\2.7.4\spring-boot-starter-data-jpa-2.7.4.jar;C:\Users\MPL\.m2\repository\org\springframework\boot\spring-boot-starter-aop\2.7.4\spring-boot-starter-aop-2.7.4.jar;C:\Users\MPL\.m2\repository\org\springframework\spring-aop\5.3.23\spring-aop-5.3.23.jar;C:\Users\MPL\.m2\repository\org\aspectj\aspectjweaver\1.9.7\aspectjweaver-1.9.7.jar;C:\Users\MPL\.m2\repository\org\springframework\boot\spring-boot-starter-jdbc\2.7.4\spring-boot-starter-jdbc-2.7.4.jar;C:\Users\MPL\.m2\repository\com\zaxxer\HikariCP\4.0.3\HikariCP-4.0.3.jar;C:\Users\MPL\.m2\repository\org\springframework\spring-jdbc\5.3.23\spring-jdbc-5.3.23.jar;C:\Users\MPL\.m2\repository\jakarta\transaction\jakarta.transaction-api\1.3.3\jakarta.transaction-api-1.3.3.jar;C:\Users\MPL\.m2\repository\jakarta\persistence\jakarta.persistence-api\2.2.3\jakarta.persistence-api-2.2.3.jar;C:\Users\MPL\.m2\repository\org\hibernate\hibernate-core\5.6.11.Final\hibernate-core-5.6.11.Final.jar;C:\Users\MPL\.m2\repository\org\jboss\logging\jboss-logging\3.4.3.Final\jboss-logging-3.4.3.Final.jar;C:\Users\MPL\.m2\repository\net\bytebuddy\byte-buddy\1.12.17\byte-buddy-1.12.17.jar;C:\Users\MPL\.m2\repository\antlr\antlr\2.7.7\antlr-2.7.7.jar;C:\Users\MPL\.m2\repository\org\jboss\jandex\2.4.2.Final\jandex-2.4.2.Final.jar;C:\Users\MPL\.m2\repository\com\fasterxml\classmate\1.5.1\classmate-1.5.1.jar;C:\Users\MPL\.m2\repository\org\hibernate\common\hibernate-commons-annotations\5.1.2.Final\hibernate-commons-annotations-5.1.2.Final.jar;C:\Users\MPL\.m2\repository\org\glassfish\jaxb\jaxb-runtime\2.3.6\jaxb-runtime-2.3.6.jar;C:\Users\MPL\.m2\repository\org\glassfish\jaxb\txw2\2.3.6\txw2-2.3.6.jar;C:\Users\MPL\.m2\repository\com\sun\istack\istack-commons-runtime\3.0.12\istack-commons-runtime-3.0.12.jar;C:\Users\MPL\.m2\repository\com\sun\activation\jakarta.activation\1.2.2\jakarta.activation-1.2.2.jar;C:\Users\MPL\.m2\repository\org\springframework\data\spring-data-jpa\2.7.3\spring-data-jpa-2.7.3.jar;C:\Users\MPL\.m2\repository\org\springframework\data\spring-data-commons\2.7.3\spring-data-commons-2.7.3.jar;C:\Users\MPL\.m2\repository\org\springframework\spring-orm\5.3.23\spring-orm-5.3.23.jar;C:\Users\MPL\.m2\repository\org\springframework\spring-context\5.3.23\spring-context-5.3.23.jar;C:\Users\MPL\.m2\repository\org\springframework\spring-tx\5.3.23\spring-tx-5.3.23.jar;C:\Users\MPL\.m2\repository\org\springframework\spring-beans\5.3.23\spring-beans-5.3.23.jar;C:\Users\MPL\.m2\repository\org\springframework\spring-aspects\5.3.23\spring-aspects-5.3.23.jar;C:\Users\MPL\.m2\repository\org\springframework\boot\spring-boot-starter-web\2.7.4\spring-boot-starter-web-2.7.4.jar;C:\Users\MPL\.m2\repository\org\springframework\boot\spring-boot-starter\2.7.4\spring-boot-starter-2.7.4.jar;C:\Users\MPL\.m2\repository\org\springframework\boot\spring-boot\2.7.4\spring-boot-2.7.4.jar;C:\Users\MPL\.m2\repository\org\springframework\boot\spring-boot-autoconfigure\2.7.4\spring-boot-autoconfigure-2.7.4.jar;C:\Users\MPL\.m2\repository\org\springframework\boot\spring-boot-starter-logging\2.7.4\spring-boot-starter-logging-2.7.4.jar;C:\Users\MPL\.m2\repository\ch\qos\logback\logback-classic\1.2.11\logback-classic-1.2.11.jar;C:\Users\MPL\.m2\repository\ch\qos\logback\logback-core\1.2.11\logback-core-1.2.11.jar;C:\Users\MPL\.m2\repository\org\apache\logging\log4j\log4j-to-slf4j\2.17.2\log4j-to-slf4j-2.17.2.jar;C:\Users\MPL\.m2\repository\org\apache\logging\log4j\log4j-api\2.17.2\log4j-api-2.17.2.jar;C:\Users\MPL\.m2\repository\org\slf4j\jul-to-slf4j\1.7.36\jul-to-slf4j-1.7.36.jar;C:\Users\MPL\.m2\repository\jakarta\annotation\jakarta.annotation-api\1.3.5\jakarta.annotation-api-1.3.5.jar;C:\Users\MPL\.m2\repository\org\yaml\snakeyaml\1.30\snakeyaml-1.30.jar;C:\Users\MPL\.m2\repository\org\springframework\boot\spring-boot-starter-json\2.7.4\spring-boot-starter-json-2.7.4.jar;C:\Users\MPL\.m2\repository\com\fasterxml\jackson\core\jackson-databind\2.13.4\jackson-databind-2.13.4.jar;C:\Users\MPL\.m2\repository\com\fasterxml\jackson\core\jackson-annotations\2.13.4\jackson-annotations-2.13.4.jar;C:\Users\MPL\.m2\repository\com\fasterxml\jackson\core\jackson-core\2.13.4\jackson-core-2.13.4.jar;C:\Users\MPL\.m2\repository\com\fasterxml\jackson\datatype\jackson-datatype-jdk8\2.13.4\jackson-datatype-jdk8-2.13.4.jar;C:\Users\MPL\.m2\repository\com\fasterxml\jackson\datatype\jackson-datatype-jsr310\2.13.4\jackson-datatype-jsr310-2.13.4.jar;C:\Users\MPL\.m2\repository\com\fasterxml\jackson\module\jackson-module-parameter-names\2.13.4\jackson-module-parameter-names-2.13.4.jar;C:\Users\MPL\.m2\repository\org\springframework\boot\spring-boot-starter-tomcat\2.7.4\spring-boot-starter-tomcat-2.7.4.jar;C:\Users\MPL\.m2\repository\org\apache\tomcat\embed\tomcat-embed-core\9.0.65\tomcat-embed-core-9.0.65.jar;C:\Users\MPL\.m2\repository\org\apache\tomcat\embed\tomcat-embed-el\9.0.65\tomcat-embed-el-9.0.65.jar;C:\Users\MPL\.m2\repository\org\apache\tomcat\embed\tomcat-embed-websocket\9.0.65\tomcat-embed-websocket-9.0.65.jar;C:\Users\MPL\.m2\repository\org\springframework\spring-web\5.3.23\spring-web-5.3.23.jar;C:\Users\MPL\.m2\repository\org\springframework\spring-webmvc\5.3.23\spring-webmvc-5.3.23.jar;C:\Users\MPL\.m2\repository\org\springframework\spring-expression\5.3.23\spring-expression-5.3.23.jar;C:\Users\MPL\.m2\repository\org\apache\maven\plugins\maven-compiler-plugin\3.11.0\maven-compiler-plugin-3.11.0.jar;C:\Users\MPL\.m2\repository\org\apache\maven\shared\maven-shared-utils\3.3.4\maven-shared-utils-3.3.4.jar;C:\Users\MPL\.m2\repository\commons-io\commons-io\2.6\commons-io-2.6.jar;C:\Users\MPL\.m2\repository\org\apache\maven\shared\maven-shared-incremental\1.1\maven-shared-incremental-1.1.jar;C:\Users\MPL\.m2\repository\org\codehaus\plexus\plexus-component-annotations\1.5.5\plexus-component-annotations-1.5.5.jar;C:\Users\MPL\.m2\repository\org\codehaus\plexus\plexus-java\1.1.2\plexus-java-1.1.2.jar;C:\Users\MPL\.m2\repository\org\ow2\asm\asm\9.4\asm-9.4.jar;C:\Users\MPL\.m2\repository\com\thoughtworks\qdox\qdox\2.0.3\qdox-2.0.3.jar;C:\Users\MPL\.m2\repository\org\codehaus\plexus\plexus-compiler-api\2.13.0\plexus-compiler-api-2.13.0.jar;C:\Users\MPL\.m2\repository\org\codehaus\plexus\plexus-utils\3.4.2\plexus-utils-3.4.2.jar;C:\Users\MPL\.m2\repository\org\codehaus\plexus\plexus-compiler-manager\2.13.0\plexus-compiler-manager-2.13.0.jar;C:\Users\MPL\.m2\repository\org\codehaus\plexus\plexus-compiler-javac\2.13.0\plexus-compiler-javac-2.13.0.jar;C:\Users\MPL\.m2\repository\com\h2database\h2\2.1.214\h2-2.1.214.jar;C:\Users\MPL\.m2\repository\org\springframework\boot\spring-boot-starter-test\2.7.4\spring-boot-starter-test-2.7.4.jar;C:\Users\MPL\.m2\repository\org\springframework\boot\spring-boot-test\2.7.4\spring-boot-test-2.7.4.jar;C:\Users\MPL\.m2\repository\org\springframework\boot\spring-boot-test-autoconfigure\2.7.4\spring-boot-test-autoconfigure-2.7.4.jar;C:\Users\MPL\.m2\repository\com\jayway\jsonpath\json-path\2.7.0\json-path-2.7.0.jar;C:\Users\MPL\.m2\repository\net\minidev\json-smart\2.4.8\json-smart-2.4.8.jar;C:\Users\MPL\.m2\repository\net\minidev\accessors-smart\2.4.8\accessors-smart-2.4.8.jar;C:\Users\MPL\.m2\repository\jakarta\xml\bind\jakarta.xml.bind-api\2.3.3\jakarta.xml.bind-api-2.3.3.jar;C:\Users\MPL\.m2\repository\jakarta\activation\jakarta.activation-api\1.2.2\jakarta.activation-api-1.2.2.jar;C:\Users\MPL\.m2\repository\org\assertj\assertj-core\3.22.0\assertj-core-3.22.0.jar;C:\Users\MPL\.m2\repository\org\hamcrest\hamcrest\2.2\hamcrest-2.2.jar;C:\Users\MPL\.m2\repository\org\junit\jupiter\junit-jupiter\5.8.2\junit-jupiter-5.8.2.jar;C:\Users\MPL\.m2\repository\org\junit\jupiter\junit-jupiter-api\5.8.2\junit-jupiter-api-5.8.2.jar;C:\Users\MPL\.m2\repository\org\opentest4j\opentest4j\1.2.0\opentest4j-1.2.0.jar;C:\Users\MPL\.m2\repository\org\junit\platform\junit-platform-commons\1.8.2\junit-platform-commons-1.8.2.jar;C:\Users\MPL\.m2\repository\org\apiguardian\apiguardian-api\1.1.2\apiguardian-api-1.1.2.jar;C:\Users\MPL\.m2\repository\org\junit\jupiter\junit-jupiter-params\5.8.2\junit-jupiter-params-5.8.2.jar;C:\Users\MPL\.m2\repository\org\junit\jupiter\junit-jupiter-engine\5.8.2\junit-jupiter-engine-5.8.2.jar;C:\Users\MPL\.m2\repository\org\junit\platform\junit-platform-engine\1.8.2\junit-platform-engine-1.8.2.jar;C:\Users\MPL\.m2\repository\org\mockito\mockito-core\4.5.1\mockito-core-4.5.1.jar;C:\Users\MPL\.m2\repository\net\bytebuddy\byte-buddy-agent\1.12.17\byte-buddy-agent-1.12.17.jar;C:\Users\MPL\.m2\repository\org\objenesis\objenesis\3.2\objenesis-3.2.jar;C:\Users\MPL\.m2\repository\org\mockito\mockito-junit-jupiter\4.5.1\mockito-junit-jupiter-4.5.1.jar;C:\Users\MPL\.m2\repository\org\skyscreamer\jsonassert\1.5.1\jsonassert-1.5.1.jar;C:\Users\MPL\.m2\repository\com\vaadin\external\google\android-json\0.0.20131108.vaadin1\android-json-0.0.20131108.vaadin1.jar;C:\Users\MPL\.m2\repository\org\springframework\spring-core\5.3.23\spring-core-5.3.23.jar;C:\Users\MPL\.m2\repository\org\springframework\spring-jcl\5.3.23\spring-jcl-5.3.23.jar;C:\Users\MPL\.m2\repository\org\springframework\spring-test\5.3.23\spring-test-5.3.23.jar;C:\Users\MPL\.m2\repository\org\xmlunit\xmlunit-core\2.9.0\xmlunit-core-2.9.0.jar;C:\Users\MPL\.m2\repository\org\seleniumhq\selenium\selenium-java\4.10.0\selenium-java-4.10.0.jar;C:\Users\MPL\.m2\repository\org\seleniumhq\selenium\selenium-api\4.1.4\selenium-api-4.1.4.jar;C:\Users\MPL\.m2\repository\org\seleniumhq\selenium\selenium-chrome-driver\4.1.4\selenium-chrome-driver-4.1.4.jar;C:\Users\MPL\.m2\repository\com\google\auto\service\auto-service-annotations\1.0.1\auto-service-annotations-1.0.1.jar;C:\Users\MPL\.m2\repository\com\google\auto\service\auto-service\1.0.1\auto-service-1.0.1.jar;C:\Users\MPL\.m2\repository\com\google\auto\auto-common\1.2\auto-common-1.2.jar;C:\Users\MPL\.m2\repository\com\google\guava\guava\31.1-jre\guava-31.1-jre.jar;C:\Users\MPL\.m2\repository\com\google\guava\failureaccess\1.0.1\failureaccess-1.0.1.jar;C:\Users\MPL\.m2\repository\com\google\guava\listenablefuture\9999.0-empty-to-avoid-conflict-with-guava\listenablefuture-9999.0-empty-to-avoid-conflict-with-guava.jar;C:\Users\MPL\.m2\repository\com\google\code\findbugs\jsr305\3.0.2\jsr305-3.0.2.jar;C:\Users\MPL\.m2\repository\org\checkerframework\checker-qual\3.12.0\checker-qual-3.12.0.jar;C:\Users\MPL\.m2\repository\com\google\errorprone\error_prone_annotations\2.11.0\error_prone_annotations-2.11.0.jar;C:\Users\MPL\.m2\repository\com\google\j2objc\j2objc-annotations\1.3\j2objc-annotations-1.3.jar;C:\Users\MPL\.m2\repository\org\seleniumhq\selenium\selenium-chromium-driver\4.1.4\selenium-chromium-driver-4.1.4.jar;C:\Users\MPL\.m2\repository\org\seleniumhq\selenium\selenium-json\4.1.4\selenium-json-4.1.4.jar;C:\Users\MPL\.m2\repository\org\seleniumhq\selenium\selenium-devtools-v112\4.10.0\selenium-devtools-v112-4.10.0.jar;C:\Users\MPL\.m2\repository\org\seleniumhq\selenium\selenium-devtools-v113\4.10.0\selenium-devtools-v113-4.10.0.jar;C:\Users\MPL\.m2\repository\org\seleniumhq\selenium\selenium-devtools-v114\4.10.0\selenium-devtools-v114-4.10.0.jar;C:\Users\MPL\.m2\repository\org\seleniumhq\selenium\selenium-devtools-v85\4.10.0\selenium-devtools-v85-4.10.0.jar;C:\Users\MPL\.m2\repository\org\seleniumhq\selenium\selenium-edge-driver\4.1.4\selenium-edge-driver-4.1.4.jar;C:\Users\MPL\.m2\repository\org\seleniumhq\selenium\selenium-firefox-driver\4.1.4\selenium-firefox-driver-4.1.4.jar;C:\Users\MPL\.m2\repository\org\seleniumhq\selenium\selenium-ie-driver\4.1.4\selenium-ie-driver-4.1.4.jar;C:\Users\MPL\.m2\repository\org\seleniumhq\selenium\selenium-remote-driver\4.1.4\selenium-remote-driver-4.1.4.jar;C:\Users\MPL\.m2\repository\io\netty\netty-buffer\4.1.82.Final\netty-buffer-4.1.82.Final.jar;C:\Users\MPL\.m2\repository\io\netty\netty-codec-http\4.1.82.Final\netty-codec-http-4.1.82.Final.jar;C:\Users\MPL\.m2\repository\io\netty\netty-codec\4.1.82.Final\netty-codec-4.1.82.Final.jar;C:\Users\MPL\.m2\repository\io\netty\netty-handler\4.1.82.Final\netty-handler-4.1.82.Final.jar;C:\Users\MPL\.m2\repository\io\netty\netty-common\4.1.82.Final\netty-common-4.1.82.Final.jar;C:\Users\MPL\.m2\repository\io\netty\netty-transport-classes-epoll\4.1.82.Final\netty-transport-classes-epoll-4.1.82.Final.jar;C:\Users\MPL\.m2\repository\io\netty\netty-transport-classes-kqueue\4.1.82.Final\netty-transport-classes-kqueue-4.1.82.Final.jar;C:\Users\MPL\.m2\repository\io\netty\netty-transport-native-epoll\4.1.82.Final\netty-transport-native-epoll-4.1.82.Final.jar;C:\Users\MPL\.m2\repository\io\netty\netty-transport-native-kqueue\4.1.82.Final\netty-transport-native-kqueue-4.1.82.Final.jar;C:\Users\MPL\.m2\repository\io\netty\netty-transport-native-unix-common\4.1.82.Final\netty-transport-native-unix-common-4.1.82.Final.jar;C:\Users\MPL\.m2\repository\io\netty\netty-transport\4.1.82.Final\netty-transport-4.1.82.Final.jar;C:\Users\MPL\.m2\repository\io\netty\netty-resolver\4.1.82.Final\netty-resolver-4.1.82.Final.jar;C:\Users\MPL\.m2\repository\io\opentelemetry\opentelemetry-api\1.13.0\opentelemetry-api-1.13.0.jar;C:\Users\MPL\.m2\repository\io\opentelemetry\opentelemetry-context\1.13.0\opentelemetry-context-1.13.0.jar;C:\Users\MPL\.m2\repository\io\opentelemetry\opentelemetry-exporter-logging\1.13.0\opentelemetry-exporter-logging-1.13.0.jar;C:\Users\MPL\.m2\repository\io\opentelemetry\opentelemetry-sdk-metrics\1.13.0-alpha\opentelemetry-sdk-metrics-1.13.0-alpha.jar;C:\Users\MPL\.m2\repository\io\opentelemetry\opentelemetry-sdk-logs\1.13.0-alpha\opentelemetry-sdk-logs-1.13.0-alpha.jar;C:\Users\MPL\.m2\repository\io\opentelemetry\opentelemetry-sdk-common\1.13.0\opentelemetry-sdk-common-1.13.0.jar;C:\Users\MPL\.m2\repository\io\opentelemetry\opentelemetry-sdk-extension-autoconfigure-spi\1.13.0\opentelemetry-sdk-extension-autoconfigure-spi-1.13.0.jar;C:\Users\MPL\.m2\repository\io\opentelemetry\opentelemetry-sdk-extension-autoconfigure\1.13.0-alpha\opentelemetry-sdk-extension-autoconfigure-1.13.0-alpha.jar;C:\Users\MPL\.m2\repository\io\opentelemetry\opentelemetry-sdk-trace\1.13.0\opentelemetry-sdk-trace-1.13.0.jar;C:\Users\MPL\.m2\repository\io\opentelemetry\opentelemetry-sdk\1.13.0\opentelemetry-sdk-1.13.0.jar;C:\Users\MPL\.m2\repository\io\opentelemetry\opentelemetry-semconv\1.13.0-alpha\opentelemetry-semconv-1.13.0-alpha.jar;C:\Users\MPL\.m2\repository\io\ous\jtoml\2.0.0\jtoml-2.0.0.jar;C:\Users\MPL\.m2\repository\org\apache\commons\commons-exec\1.3\commons-exec-1.3.jar;C:\Users\MPL\.m2\repository\org\asynchttpclient\async-http-client\2.12.3\async-http-client-2.12.3.jar;C:\Users\MPL\.m2\repository\org\asynchttpclient\async-http-client-netty-utils\2.12.3\async-http-client-netty-utils-2.12.3.jar;C:\Users\MPL\.m2\repository\io\netty\netty-codec-socks\4.1.82.Final\netty-codec-socks-4.1.82.Final.jar;C:\Users\MPL\.m2\repository\io\netty\netty-handler-proxy\4.1.82.Final\netty-handler-proxy-4.1.82.Final.jar;C:\Users\MPL\.m2\repository\io\netty\netty-transport-native-epoll\4.1.82.Final\netty-transport-native-epoll-4.1.82.Final-linux-x86_64.jar;C:\Users\MPL\.m2\repository\io\netty\netty-transport-native-kqueue\4.1.82.Final\netty-transport-native-kqueue-4.1.82.Final-osx-x86_64.jar;C:\Users\MPL\.m2\repository\org\reactivestreams\reactive-streams\1.0.4\reactive-streams-1.0.4.jar;C:\Users\MPL\.m2\repository\com\typesafe\netty\netty-reactive-streams\2.0.4\netty-reactive-streams-2.0.4.jar;C:\Users\MPL\.m2\repository\org\seleniumhq\selenium\selenium-http\4.1.4\selenium-http-4.1.4.jar;C:\Users\MPL\.m2\repository\dev\failsafe\failsafe\3.2.3\failsafe-3.2.3.jar;C:\Users\MPL\.m2\repository\org\seleniumhq\selenium\selenium-safari-driver\4.1.4\selenium-safari-driver-4.1.4.jar;C:\Users\MPL\.m2\repository\org\seleniumhq\selenium\selenium-support\4.1.4\selenium-support-4.1.4.jar;C:\Users\MPL\.m2\repository\org\testng\testng\7.8.0\testng-7.8.0.jar;C:\Users\MPL\.m2\repository\org\slf4j\slf4j-api\1.7.36\slf4j-api-1.7.36.jar;C:\Users\MPL\.m2\repository\com\beust\jcommander\1.82\jcommander-1.82.jar;C:\Users\MPL\.m2\repository\org\webjars\jquery\3.6.1\jquery-3.6.1.jar;C:\Users\MPL\.m2\repository\junit\junit\4.13.2\junit-4.13.2.jar;C:\Users\MPL\.m2\repository\org\hamcrest\hamcrest-core\2.2\hamcrest-core-2.2.jar;C:\Users\MPL\.m2\repository\org\apache\maven\plugins\maven-surefire-plugin\3.1.2\maven-surefire-plugin-3.1.2.jar;C:\Users\MPL\.m2\repository\org\apache\maven\surefire\maven-surefire-common\3.1.2\maven-surefire-common-3.1.2.jar;C:\Users\MPL\.m2\repository\org\apache\maven\surefire\surefire-api\3.1.2\surefire-api-3.1.2.jar;C:\Users\MPL\.m2\repository\org\apache\maven\surefire\surefire-logger-api\3.1.2\surefire-logger-api-3.1.2.jar;C:\Users\MPL\.m2\repository\org\apache\maven\surefire\surefire-extensions-api\3.1.2\surefire-extensions-api-3.1.2.jar;C:\Users\MPL\.m2\repository\org\apache\maven\surefire\surefire-booter\3.1.2\surefire-booter-3.1.2.jar;C:\Users\MPL\.m2\repository\org\apache\maven\surefire\surefire-extensions-spi\3.1.2\surefire-extensions-spi-3.1.2.jar;C:\Users\MPL\.m2\repository\org\eclipse\aether\aether-util\1.0.0.v20140518\aether-util-1.0.0.v20140518.jar;C:\Users\MPL\.m2\repository\org\eclipse\aether\aether-api\1.0.0.v20140518\aether-api-1.0.0.v20140518.jar;C:\Users\MPL\.m2\repository\org\apache\maven\shared\maven-common-artifact-filters\3.1.1\maven-common-artifact-filters-3.1.1.jar;C:\Users\MPL\.m2\repository\org\apache\maven\maven-artifact\3.1.0\maven-artifact-3.1.0.jar;C:\Users\MPL\.m2\repository\org\apache\maven\maven-core\3.1.0\maven-core-3.1.0.jar;C:\Users\MPL\.m2\repository\org\apache\maven\maven-settings\3.1.0\maven-settings-3.1.0.jar;C:\Users\MPL\.m2\repository\org\apache\maven\maven-settings-builder\3.1.0\maven-settings-builder-3.1.0.jar;C:\Users\MPL\.m2\repository\org\apache\maven\maven-repository-metadata\3.1.0\maven-repository-metadata-3.1.0.jar;C:\Users\MPL\.m2\repository\org\apache\maven\maven-model-builder\3.1.0\maven-model-builder-3.1.0.jar;C:\Users\MPL\.m2\repository\org\apache\maven\maven-aether-provider\3.1.0\maven-aether-provider-3.1.0.jar;C:\Users\MPL\.m2\repository\org\eclipse\aether\aether-spi\0.9.0.M2\aether-spi-0.9.0.M2.jar;C:\Users\MPL\.m2\repository\org\eclipse\aether\aether-impl\0.9.0.M2\aether-impl-0.9.0.M2.jar;C:\Users\MPL\.m2\repository\org\eclipse\sisu\org.eclipse.sisu.plexus\0.0.0.M2a\org.eclipse.sisu.plexus-0.0.0.M2a.jar;C:\Users\MPL\.m2\repository\javax\enterprise\cdi-api\1.0\cdi-api-1.0.jar;C:\Users\MPL\.m2\repository\javax\annotation\jsr250-api\1.0\jsr250-api-1.0.jar;C:\Users\MPL\.m2\repository\javax\inject\javax.inject\1\javax.inject-1.jar;C:\Users\MPL\.m2\repository\org\sonatype\sisu\sisu-guice\3.1.0\sisu-guice-3.1.0-no_aop.jar;C:\Users\MPL\.m2\repository\aopalliance\aopalliance\1.0\aopalliance-1.0.jar;C:\Users\MPL\.m2\repository\org\eclipse\sisu\org.eclipse.sisu.inject\0.0.0.M2a\org.eclipse.sisu.inject-0.0.0.M2a.jar;C:\Users\MPL\.m2\repository\asm\asm\3.3.1\asm-3.3.1.jar;C:\Users\MPL\.m2\repository\org\codehaus\plexus\plexus-interpolation\1.16\plexus-interpolation-1.16.jar;C:\Users\MPL\.m2\repository\org\codehaus\plexus\plexus-classworlds\2.4.2\plexus-classworlds-2.4.2.jar;C:\Users\MPL\.m2\repository\org\sonatype\plexus\plexus-sec-dispatcher\1.3\plexus-sec-dispatcher-1.3.jar;C:\Users\MPL\.m2\repository\org\sonatype\plexus\plexus-cipher\1.4\plexus-cipher-1.4.jar;C:\Users\MPL\.m2\repository\org\apache\maven\maven-plugin-api\3.1.0\maven-plugin-api-3.1.0.jar;C:\Users\MPL\.m2\repository\org\apache\maven\surefire\surefire-shared-utils\3.1.2\surefire-shared-utils-3.1.2.jar;"/>
    <property name="sun.cpu.endian" value="little"/>
    <property name="user.home" value="C:\Users\MPL"/>
    <property name="user.language" value="en"/>
    <property name="java.specification.vendor" value="Oracle Corporation"/>
    <property name="java.version.date" value="2023-01-17"/>
    <property name="java.home" value="C:\Program Files\Java\jdk-17"/>
    <property name="file.separator" value="\"/>
    <property name="basedir" value="C:\Users\MPL\eclipse-workspace\insurance-project"/>
    <property name="java.vm.compressedOopsMode" value="32-bit"/>
    <property name="line.separator" value="&#10;"/>
    <property name="java.vm.specification.vendor" value="Oracle Corporation"/>
    <property name="java.specification.name" value="Java Platform API Specification"/>
    <property name="surefire.real.class.path" value="C:\Users\MPL\AppData\Local\Temp\surefire9440377011571693733\surefirebooter6733424680388454591.jar"/>
    <property name="user.script" value=""/>
    <property name="sun.management.compiler" value="HotSpot 64-Bit Tiered Compilers"/>
    <property name="java.runtime.version" value="17.0.6+9-LTS-190"/>
    <property name="user.name" value="MPL"/>
    <property name="path.separator" value=";"/>
    <property name="os.version" value="10.0"/>
    <property name="java.runtime.name" value="Java(TM) SE Runtime Environment"/>
    <property name="file.encoding" value="Cp1252"/>
    <property name="java.vm.name" value="Java HotSpot(TM) 64-Bit Server VM"/>
    <property name="localRepository" value="C:\Users\MPL\.m2\repository"/>
    <property name="java.vendor.url.bug" value="https://bugreport.java.com/bugreport/"/>
    <property name="java.io.tmpdir" value="C:\Users\MPL\AppData\Local\Temp\"/>
    <property name="java.version" value="17.0.6"/>
    <property name="user.dir" value="C:\Users\MPL\eclipse-workspace\insurance-project"/>
    <property name="os.arch" value="amd64"/>
    <property name="java.vm.specification.name" value="Java Virtual Machine Specification"/>
    <property name="sun.os.patch.level" value=""/>
    <property name="native.encoding" value="Cp1252"/>
    <property name="java.library.path" value="C:\Program Files\Java\jdk-17\bin;C:\WINDOWS\Sun\Java\bin;C:\WINDOWS\system32;C:\WINDOWS;C:\Program Files\Common Files\Oracle\Java\javapath;C:\Program Files (x86)\Common Files\Oracle\Java\javapath;C:\WINDOWS\system32;C:\WINDOWS;C:\WINDOWS\System32\Wbem;C:\WINDOWS\System32\WindowsPowerShell\v1.0\;C:\xampp\php;C:\Program Files\Java\jre1.8.0_201\bin;C:\Program Files\Microsoft SQL Server\Client SDK\ODBC\170\Tools\Binn\;C:\MinGW\bin;C:\Program Files (x86)\Pulse Secure\VC142.CRT\X64\;C:\Program Files (x86)\Pulse Secure\VC142.CRT\X86\;C:\Program Files (x86)\Common Files\Pulse Secure\TNC Client Plugin\;C:\apache-ant-1.9.16\bin;C:\Program Files\Java\jdk-17\bin;C:\Program Files\Java\jre1.8.0_202\bin;C:\Program Files\Apache Software Foundation\Tomcat 10.0\bin;C:\Program Files\Amazon\AWSCLIV2\;C:\Program Files (x86)\Intel\Intel(R) Management Engine Components\DAL;C:\Program Files\Intel\Intel(R) Management Engine Components\DAL;C:\bitbucket\atlassian-bitbucket-pipelines-runner\bin;C:\Terraform;C:\DevOps\apache-maven-3.8.8\bin;C:\Program Files\Apache Software Foundation\Tomcat 9.0\bin;C:\WINDOWS\System32\OpenSSH\;C:\Program Files\Git\cmd;C:\Program Files\Git\usr\bin;C:\Program Files\Git\bin &amp;;C:\minikube;C:\Program Files\Docker\Docker\resources\bin;C:\Helm\windows-amd64;C:\sonarqube\bin;C:\nexus\bin;C:\Program Files\MySQL\MySQL Shell 8.0\bin\;C:\Users\MPL\AppData\Local\Programs\Python\Python311\Scripts\;C:\Users\MPL\AppData\Local\Programs\Python\Python311\;C:\Program Files (x86)\Microsoft Visual Studio\Common\Tools\WinNT;C:\Program Files (x86)\Microsoft Visual Studio\Common\MSDev98\Bin;C:\Program Files (x86)\Microsoft Visual Studio\Common\Tools;C:\Program Files (x86)\Microsoft Visual Studio\VC98\bin;C:\Users\MPL\AppData\Local\Microsoft\WindowsApps;C:\Users\MPL\.dotnet\tools;C:\Program Files\Terraform;C:\Users\MPL\AppData\Local\Programs\Microsoft VS Code\bin;C:\Program Files\Git\bin\;C:\Program Files\Apache Software Foundation\Tomcat 9.0\bin\;C:\Program Files\Git\bin &amp;;C:\Program Files\Git\usr\bin;C:\Users\MPL\AppData\Local\Microsoft\WinGet\Links;;."/>
    <property name="java.vm.info" value="mixed mode, sharing"/>
    <property name="java.vendor" value="Oracle Corporation"/>
    <property name="java.vm.version" value="17.0.6+9-LTS-190"/>
    <property name="sun.io.unicode.encoding" value="UnicodeLittle"/>
    <property name="java.class.version" value="61.0"/>
  </properties>
</testsuite>